D:\FFF\openmeeting3\openmeeting2\Debug\AboutWidget.obj
D:\FFF\openmeeting3\openmeeting2\Debug\AppSetting.obj
D:\FFF\openmeeting3\openmeeting2\Debug\ButtonDelegate.obj
D:\FFF\openmeeting3\openmeeting2\Debug\ccommondialog.obj
D:\FFF\openmeeting3\openmeeting2\Debug\ccommonwidget.obj
D:\FFF\openmeeting3\openmeeting2\Debug\ChatListModel.obj
D:\FFF\openmeeting3\openmeeting2\Debug\ChatListModelDelegate.obj
D:\FFF\openmeeting3\openmeeting2\Debug\CL.1392.read.1.tlog
D:\FFF\openmeeting3\openmeeting2\Debug\CL.1392.write.1.tlog
D:\FFF\openmeeting3\openmeeting2\Debug\CL.16608.read.1.tlog
D:\FFF\openmeeting3\openmeeting2\Debug\CL.16608.write.1.tlog
D:\FFF\openmeeting3\openmeeting2\Debug\CL.17164.read.1.tlog
D:\FFF\openmeeting3\openmeeting2\Debug\CL.17164.write.1.tlog
D:\FFF\openmeeting3\openmeeting2\Debug\CL.20268.read.1.tlog
D:\FFF\openmeeting3\openmeeting2\Debug\CL.20268.write.1.tlog
D:\FFF\openmeeting3\openmeeting2\Debug\cl.command.1.tlog
D:\FFF\openmeeting3\openmeeting2\Debug\CL.read.1.tlog
D:\FFF\openmeeting3\openmeeting2\Debug\cl.write.1.tlog
D:\FFF\openmeeting3\openmeeting2\Debug\CListItemDelegate.obj
D:\FFF\openmeeting3\openmeeting2\Debug\CListModel.obj
D:\FFF\openmeeting3\openmeeting2\Debug\ConvertDocThread.obj
D:\FFF\openmeeting3\openmeeting2\Debug\custombuild.command.1.tlog
D:\FFF\openmeeting3\openmeeting2\Debug\custombuild.read.1.tlog
D:\FFF\openmeeting3\openmeeting2\Debug\custombuild.write.1.tlog
D:\FFF\openmeeting3\openmeeting2\Debug\DlgApplyAdmin.obj
D:\FFF\openmeeting3\openmeeting2\Debug\DlgAVSetting.obj
D:\FFF\openmeeting3\openmeeting2\Debug\eventcenter.obj
D:\FFF\openmeeting3\openmeeting2\Debug\LabelNetInfo.obj
D:\FFF\openmeeting3\openmeeting2\Debug\LeftWdg.obj
D:\FFF\openmeeting3\openmeeting2\Debug\link.command.1.tlog
D:\FFF\openmeeting3\openmeeting2\Debug\link.read.1.tlog
D:\FFF\openmeeting3\openmeeting2\Debug\link.read.2.tlog
D:\FFF\openmeeting3\openmeeting2\Debug\link.write.1.tlog
D:\FFF\openmeeting3\openmeeting2\Debug\link-cvtres.read.1.tlog
D:\FFF\openmeeting3\openmeeting2\Debug\link-cvtres.write.1.tlog
D:\FFF\openmeeting3\openmeeting2\Debug\main.obj
D:\FFF\OPENMEETING3\OPENMEETING2\DEBUG\MEETING.RES
D:\FFF\openmeeting3\openmeeting2\Debug\MeetingDetailDelegate.obj
D:\FFF\openmeeting3\openmeeting2\Debug\Meetinglistmodel.obj
D:\FFF\openmeeting3\openmeeting2\Debug\Meetinglistwdg.obj
D:\FFF\openmeeting3\openmeeting2\Debug\MeetingLoadingWidget.obj
D:\FFF\openmeeting3\openmeeting2\Debug\MeetingRoomWordWdg.obj
D:\FFF\openmeeting3\openmeeting2\Debug\MicTestWdg.obj
D:\FFF\openmeeting3\openmeeting2\Debug\moc_AboutWidget.obj
D:\FFF\openmeeting3\openmeeting2\Debug\moc_ButtonDelegate.obj
D:\FFF\openmeeting3\openmeeting2\Debug\moc_ccommondialog.obj
D:\FFF\openmeeting3\openmeeting2\Debug\moc_ccommonwidget.obj
D:\FFF\openmeeting3\openmeeting2\Debug\moc_ChatListModel.obj
D:\FFF\openmeeting3\openmeeting2\Debug\moc_ChatListModelDelegate.obj
D:\FFF\openmeeting3\openmeeting2\Debug\moc_CListItemDelegate.obj
D:\FFF\openmeeting3\openmeeting2\Debug\moc_CListModel.obj
D:\FFF\openmeeting3\openmeeting2\Debug\moc_ConvertDocThread.obj
D:\FFF\openmeeting3\openmeeting2\Debug\moc_DlgApplyAdmin.obj
D:\FFF\openmeeting3\openmeeting2\Debug\moc_DlgAVSetting.obj
D:\FFF\openmeeting3\openmeeting2\Debug\moc_eventcenter.obj
D:\FFF\openmeeting3\openmeeting2\Debug\moc_LabelNetInfo.obj
D:\FFF\openmeeting3\openmeeting2\Debug\moc_LeftWdg.obj
D:\FFF\openmeeting3\openmeeting2\Debug\moc_MeetingDetailDelegate.obj
D:\FFF\openmeeting3\openmeeting2\Debug\moc_Meetinglistmodel.obj
D:\FFF\openmeeting3\openmeeting2\Debug\moc_Meetinglistwdg.obj
D:\FFF\openmeeting3\openmeeting2\Debug\moc_MeetingLoadingWidget.obj
D:\FFF\openmeeting3\openmeeting2\Debug\moc_MeetingRoomWordWdg.obj
D:\FFF\openmeeting3\openmeeting2\Debug\moc_MicTestWdg.obj
D:\FFF\openmeeting3\openmeeting2\Debug\moc_ModifyPassWord.obj
D:\FFF\openmeeting3\openmeeting2\Debug\moc_OcImageLoader.obj
D:\FFF\openmeeting3\openmeeting2\Debug\moc_qupfile.obj
D:\FFF\openmeeting3\openmeeting2\Debug\moc_RoomSelectWdg.obj
D:\FFF\openmeeting3\openmeeting2\Debug\moc_RoomWdg.obj
D:\FFF\openmeeting3\openmeeting2\Debug\moc_SeanAnimation.obj
D:\FFF\openmeeting3\openmeeting2\Debug\moc_SeanButton.obj
D:\FFF\openmeeting3\openmeeting2\Debug\moc_SeanGifWdg.obj
D:\FFF\openmeeting3\openmeeting2\Debug\moc_SeanPptProgressWdg.obj
D:\FFF\openmeeting3\openmeeting2\Debug\moc_SeanProgressBar.obj
D:\FFF\openmeeting3\openmeeting2\Debug\moc_SeanTableViewDelegate.obj
D:\FFF\openmeeting3\openmeeting2\Debug\moc_SeanTestWdg.obj
D:\FFF\openmeeting3\openmeeting2\Debug\moc_SeanThread.obj
D:\FFF\openmeeting3\openmeeting2\Debug\moc_ServerAddressSet.obj
D:\FFF\openmeeting3\openmeeting2\Debug\moc_SpekerTestWdg.obj
D:\FFF\openmeeting3\openmeeting2\Debug\moc_ToolBar.obj
D:\FFF\openmeeting3\openmeeting2\Debug\moc_UserLoginWdg.obj
D:\FFF\openmeeting3\openmeeting2\Debug\moc_VideoMgr.obj
D:\FFF\openmeeting3\openmeeting2\Debug\moc_videomonitormain.obj
D:\FFF\openmeeting3\openmeeting2\Debug\moc_VideoWin.obj
D:\FFF\openmeeting3\openmeeting2\Debug\moc_VoiceTestWdg.obj
D:\FFF\openmeeting3\openmeeting2\Debug\moc_WdgDocShare.obj
D:\FFF\openmeeting3\openmeeting2\Debug\moc_WdgNetInfo.obj
D:\FFF\openmeeting3\openmeeting2\Debug\ModifyPassWord.obj
D:\FFF\openmeeting3\openmeeting2\Debug\mt.command.1.tlog
D:\FFF\openmeeting3\openmeeting2\Debug\mt.read.1.tlog
D:\FFF\openmeeting3\openmeeting2\Debug\mt.write.1.tlog
D:\FFF\openmeeting3\openmeeting2\Debug\OcImageLoader.obj
D:\FFF\OPENMEETING3\OPENMEETING2\DEBUG\OPENMEETING2.EXE.INTERMEDIATE.MANIFEST
D:\FFF\openmeeting3\openmeeting2\Debug\OpenMeeting2.write.1.tlog
D:\FFF\openmeeting3\openmeeting2\Debug\OSInfo.obj
D:\FFF\OPENMEETING3\OPENMEETING2\DEBUG\QRC_DEFAULT.OBJ
D:\FFF\openmeeting3\openmeeting2\Debug\qupfile.obj
D:\FFF\openmeeting3\openmeeting2\Debug\rc.command.1.tlog
D:\FFF\openmeeting3\openmeeting2\Debug\rc.read.1.tlog
D:\FFF\openmeeting3\openmeeting2\Debug\rc.write.1.tlog
D:\FFF\openmeeting3\openmeeting2\Debug\RoomSelectWdg.obj
D:\FFF\openmeeting3\openmeeting2\Debug\RoomWdg.obj
D:\FFF\openmeeting3\openmeeting2\Debug\SeanAnimation.obj
D:\FFF\openmeeting3\openmeeting2\Debug\SeanButton.obj
D:\FFF\openmeeting3\openmeeting2\Debug\SeanGifWdg.obj
D:\FFF\openmeeting3\openmeeting2\Debug\SeanPptProgressWdg.obj
D:\FFF\openmeeting3\openmeeting2\Debug\SeanProgressBar.obj
D:\FFF\openmeeting3\openmeeting2\Debug\SeanTableViewDelegate.obj
D:\FFF\openmeeting3\openmeeting2\Debug\SeanTestWdg.obj
D:\FFF\openmeeting3\openmeeting2\Debug\SeanThread.obj
D:\FFF\openmeeting3\openmeeting2\Debug\ServerAddressSet.obj
D:\FFF\openmeeting3\openmeeting2\Debug\SpekerTestWdg.obj
D:\FFF\openmeeting3\openmeeting2\Debug\ToolBar.obj
D:\FFF\openmeeting3\openmeeting2\Debug\UserLoginWdg.obj
D:\FFF\OPENMEETING3\OPENMEETING2\DEBUG\VC100.PDB
D:\FFF\openmeeting3\openmeeting2\Debug\VideoMgr.obj
D:\FFF\openmeeting3\openmeeting2\Debug\videomonitormain.obj
D:\FFF\openmeeting3\openmeeting2\Debug\VideoMonitorMgr.obj
D:\FFF\openmeeting3\openmeeting2\Debug\VideoWin.obj
D:\FFF\openmeeting3\openmeeting2\Debug\VoiceTestWdg.obj
D:\FFF\openmeeting3\openmeeting2\Debug\WdgDocShare.obj
D:\FFF\openmeeting3\openmeeting2\Debug\WdgNetInfo.obj
D:\FFF\OPENMEETING3\OPENMEETING2\GENERATEDFILES\DEBUG\MOC_ABOUTWIDGET.CPP
D:\FFF\OPENMEETING3\OPENMEETING2\GENERATEDFILES\DEBUG\MOC_BUTTONDELEGATE.CPP
D:\FFF\OPENMEETING3\OPENMEETING2\GENERATEDFILES\DEBUG\MOC_CCOMMONDIALOG.CPP
D:\FFF\OPENMEETING3\OPENMEETING2\GENERATEDFILES\DEBUG\MOC_CCOMMONWIDGET.CPP
D:\FFF\OPENMEETING3\OPENMEETING2\GENERATEDFILES\DEBUG\MOC_CHATLISTMODEL.CPP
D:\FFF\OPENMEETING3\OPENMEETING2\GENERATEDFILES\DEBUG\MOC_CHATLISTMODELDELEGATE.CPP
D:\FFF\OPENMEETING3\OPENMEETING2\GENERATEDFILES\DEBUG\MOC_CLISTITEMDELEGATE.CPP
D:\FFF\OPENMEETING3\OPENMEETING2\GENERATEDFILES\DEBUG\MOC_CLISTMODEL.CPP
D:\FFF\OPENMEETING3\OPENMEETING2\GENERATEDFILES\DEBUG\MOC_CONVERTDOCTHREAD.CPP
D:\FFF\OPENMEETING3\OPENMEETING2\GENERATEDFILES\DEBUG\MOC_DLGAPPLYADMIN.CPP
D:\FFF\OPENMEETING3\OPENMEETING2\GENERATEDFILES\DEBUG\MOC_DLGAVSETTING.CPP
D:\FFF\OPENMEETING3\OPENMEETING2\GENERATEDFILES\DEBUG\MOC_EVENTCENTER.CPP
D:\FFF\OPENMEETING3\OPENMEETING2\GENERATEDFILES\DEBUG\MOC_LABELNETINFO.CPP
D:\FFF\OPENMEETING3\OPENMEETING2\GENERATEDFILES\DEBUG\MOC_LEFTWDG.CPP
D:\FFF\OPENMEETING3\OPENMEETING2\GENERATEDFILES\DEBUG\MOC_MEETINGDETAILDELEGATE.CPP
D:\FFF\OPENMEETING3\OPENMEETING2\GENERATEDFILES\DEBUG\MOC_MEETINGLISTMODEL.CPP
D:\FFF\OPENMEETING3\OPENMEETING2\GENERATEDFILES\DEBUG\MOC_MEETINGLISTWDG.CPP
D:\FFF\OPENMEETING3\OPENMEETING2\GENERATEDFILES\DEBUG\MOC_MEETINGLOADINGWIDGET.CPP
D:\FFF\OPENMEETING3\OPENMEETING2\GENERATEDFILES\DEBUG\MOC_MEETINGROOMWORDWDG.CPP
D:\FFF\OPENMEETING3\OPENMEETING2\GENERATEDFILES\DEBUG\MOC_MICTESTWDG.CPP
D:\FFF\OPENMEETING3\OPENMEETING2\GENERATEDFILES\DEBUG\MOC_MODIFYPASSWORD.CPP
D:\FFF\OPENMEETING3\OPENMEETING2\GENERATEDFILES\DEBUG\MOC_OCIMAGELOADER.CPP
D:\FFF\OPENMEETING3\OPENMEETING2\GENERATEDFILES\DEBUG\MOC_QUPFILE.CPP
D:\FFF\OPENMEETING3\OPENMEETING2\GENERATEDFILES\DEBUG\MOC_ROOMSELECTWDG.CPP
D:\FFF\OPENMEETING3\OPENMEETING2\GENERATEDFILES\DEBUG\MOC_ROOMWDG.CPP
D:\FFF\OPENMEETING3\OPENMEETING2\GENERATEDFILES\DEBUG\MOC_SEANANIMATION.CPP
D:\FFF\OPENMEETING3\OPENMEETING2\GENERATEDFILES\DEBUG\MOC_SEANBUTTON.CPP
D:\FFF\OPENMEETING3\OPENMEETING2\GENERATEDFILES\DEBUG\MOC_SEANGIFWDG.CPP
D:\FFF\OPENMEETING3\OPENMEETING2\GENERATEDFILES\DEBUG\MOC_SEANPPTPROGRESSWDG.CPP
D:\FFF\OPENMEETING3\OPENMEETING2\GENERATEDFILES\DEBUG\MOC_SEANPROGRESSBAR.CPP
D:\FFF\OPENMEETING3\OPENMEETING2\GENERATEDFILES\DEBUG\MOC_SEANTABLEVIEWDELEGATE.CPP
D:\FFF\OPENMEETING3\OPENMEETING2\GENERATEDFILES\DEBUG\MOC_SEANTESTWDG.CPP
D:\FFF\OPENMEETING3\OPENMEETING2\GENERATEDFILES\DEBUG\MOC_SEANTHREAD.CPP
D:\FFF\OPENMEETING3\OPENMEETING2\GENERATEDFILES\DEBUG\MOC_SERVERADDRESSSET.CPP
D:\FFF\OPENMEETING3\OPENMEETING2\GENERATEDFILES\DEBUG\MOC_SPEKERTESTWDG.CPP
D:\FFF\OPENMEETING3\OPENMEETING2\GENERATEDFILES\DEBUG\MOC_TOOLBAR.CPP
D:\FFF\OPENMEETING3\OPENMEETING2\GENERATEDFILES\DEBUG\MOC_USERLOGINWDG.CPP
D:\FFF\OPENMEETING3\OPENMEETING2\GENERATEDFILES\DEBUG\MOC_VIDEOMGR.CPP
D:\FFF\OPENMEETING3\OPENMEETING2\GENERATEDFILES\DEBUG\MOC_VIDEOMONITORMAIN.CPP
D:\FFF\OPENMEETING3\OPENMEETING2\GENERATEDFILES\DEBUG\MOC_VIDEOWIN.CPP
D:\FFF\OPENMEETING3\OPENMEETING2\GENERATEDFILES\DEBUG\MOC_VOICETESTWDG.CPP
D:\FFF\OPENMEETING3\OPENMEETING2\GENERATEDFILES\DEBUG\MOC_WDGDOCSHARE.CPP
D:\FFF\OPENMEETING3\OPENMEETING2\GENERATEDFILES\DEBUG\MOC_WDGNETINFO.CPP
D:\FFF\OPENMEETING3\OPENMEETING2\GENERATEDFILES\QRC_DEFAULT.CPP
D:\FFF\OPENMEETING3\OPENMEETING2\GENERATEDFILES\UI_ABOUTWIDGET.H
D:\FFF\OPENMEETING3\OPENMEETING2\GENERATEDFILES\UI_DLGAPPLYADMIN.H
D:\FFF\OPENMEETING3\OPENMEETING2\GENERATEDFILES\UI_DLGAVSETTING.H
D:\FFF\OPENMEETING3\OPENMEETING2\GENERATEDFILES\UI_LEFTWDG.H
D:\FFF\OPENMEETING3\OPENMEETING2\GENERATEDFILES\UI_MEETINGLISTWDG.H
D:\FFF\OPENMEETING3\OPENMEETING2\GENERATEDFILES\UI_MEETINGROOMWORDWDG.H
D:\FFF\OPENMEETING3\OPENMEETING2\GENERATEDFILES\UI_MICTESTWDG.H
D:\FFF\OPENMEETING3\OPENMEETING2\GENERATEDFILES\UI_MODIFYPASSWORD.H
D:\FFF\OPENMEETING3\OPENMEETING2\GENERATEDFILES\UI_ROOMSELECTWDG.H
D:\FFF\OPENMEETING3\OPENMEETING2\GENERATEDFILES\UI_ROOMWDG.H
D:\FFF\OPENMEETING3\OPENMEETING2\GENERATEDFILES\UI_SEANANIMATION.H
D:\FFF\OPENMEETING3\OPENMEETING2\GENERATEDFILES\UI_SEANGIFWDG.H
D:\FFF\OPENMEETING3\OPENMEETING2\GENERATEDFILES\UI_SEANPPTPROGRESSWDG.H
D:\FFF\OPENMEETING3\OPENMEETING2\GENERATEDFILES\UI_SEANTESTWDG.H
D:\FFF\OPENMEETING3\OPENMEETING2\GENERATEDFILES\UI_SERVERADDRESSSET.H
D:\FFF\OPENMEETING3\OPENMEETING2\GENERATEDFILES\UI_SPEKERTESTWDG.H
D:\FFF\OPENMEETING3\OPENMEETING2\GENERATEDFILES\UI_USERLOGINWDG.H
D:\FFF\OPENMEETING3\OPENMEETING2\GENERATEDFILES\UI_VIDEOMONITORMAIN.H
D:\FFF\OPENMEETING3\OPENMEETING2\GENERATEDFILES\UI_VOICETESTWDG.H
D:\FFF\OPENMEETING3\OPENMEETING2\WIN32\DEBUG\OPENMEETING2.EXE
D:\FFF\OPENMEETING3\OPENMEETING2\WIN32\DEBUG\OPENMEETING2.ILK
D:\FFF\OPENMEETING3\OPENMEETING2\WIN32\DEBUG\OPENMEETING2.PDB
